++ dirname /data/personal/docker-app/shell/admin/setup.sh
+ script_full_path=/data/personal/docker-app/shell/admin
+ source /data/personal/docker-app/shell/admin/../.aws_config
++ export AWS_ACCESS_KEY_ID=AKIAIZ6ENRM52CQMFSTA
++ AWS_ACCESS_KEY_ID=AKIAIZ6ENRM52CQMFSTA
++ export AWS_SECRET_ACCESS_KEY=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
++ AWS_SECRET_ACCESS_KEY=q4ShyCPF38sccLYwnb0hcmKtMl820Rx/jo5naFCA
+ echo oncloudtime oncloudtime oncloudtime localhost AKIAIZ6ENRM52CQMFSTA q4ShyCPF38sccLYwnb0hcmKtMl820Rx/jo5naFCA test test s3://yuva-bucket/ s3://yuva-bucket/athena-output/ http://test.test yuva-bucket no arn:aws.askjd us-east-1 /data/personal/docker-app/var/log/setup.1580273655.log 1 oncloudtimePoolGroup oncloudtime-user-pool-dev oncloudtime-iam-role-dev oncloudtime-client-app oc-APP-001
oncloudtime oncloudtime oncloudtime localhost AKIAIZ6ENRM52CQMFSTA q4ShyCPF38sccLYwnb0hcmKtMl820Rx/jo5naFCA test test s3://yuva-bucket/ s3://yuva-bucket/athena-output/ http://test.test yuva-bucket no arn:aws.askjd us-east-1 /data/personal/docker-app/var/log/setup.1580273655.log 1 oncloudtimePoolGroup oncloudtime-user-pool-dev oncloudtime-iam-role-dev oncloudtime-client-app oc-APP-001
+ echo 'Starting installation'
Starting installation
+ aws s3api create-bucket --bucket yuva-bucket --region us-east-1
{
    "Location": "/yuva-bucket"
}
+ echo 'S3 bucket created'
S3 bucket created
+ athena_log_file_absolute_path=/data/personal/docker-app/var/log/setup.1580273655.log.athena
+ aws athena --region us-east-1 start-query-execution --query-string 'CREATE DATABASE IF NOT EXISTS test' --result-configuration OutputLocation=s3://yuva-bucket/athena-output/ --output text
++ cat /data/personal/docker-app/var/log/setup.1580273655.log.out
++ awk '{print $1}'
+ query_execution_id=63add16c-de8b-45bf-8a92-de4eb676a858
++ date '+%Y-%m-%d %H:%M'
+ START='2020-01-29 10:24'
+ count=0
+ true
++ date '+%Y-%m-%d %H:%M'
+ NOW='2020-01-29 10:24'
++ aws --region us-east-1 athena get-query-execution --query-execution-id 63add16c-de8b-45bf-8a92-de4eb676a858
++ grep State
++ sed 's: ::g'
+ query_status='"State":"SUCCEEDED",'
+ query_status_exit_code=0
+ echo 'The query execution exit code is 0 and "State":"SUCCEEDED",'
The query execution exit code is 0 and "State":"SUCCEEDED",
+ '[' 0 = 0 ']'
+ case $query_status in
+ break
++ date '+%Y-%m-%d %H:%M'
+ END='2020-01-29 10:24'
+ echo 'Athena output file /data/personal/docker-app/var/log/setup.1580273655.log.athena'
Athena output file /data/personal/docker-app/var/log/setup.1580273655.log.athena
+ aws athena --region us-east-1 get-query-results --query-execution-id 63add16c-de8b-45bf-8a92-de4eb676a858 --no-paginate --output json
+ echo 'Athena directory created'
Athena directory created
+ '[' 1 = 1 ']'
+ echo 'Resetting the database'
Resetting the database
+ mysql -h localhost --user=oncloudtime --password=oncloudtime oncloudtime
ERROR 1045 (28000): Access denied for user 'oncloudtime'@'localhost' (using password: YES)
